<?xml version="1.0" encoding="UTF-8"?>
<!-- Generated by org.testng.reporters.JUnitReportReporter -->
<testsuite hostname="DESKTOP-G965QI4" failures="0" tests="3" name="demo99.testscripts.RegisterTest" time="67.982" errors="0" timestamp="2024-02-05T14:59:37 IST" skipped="0">
  <testcase classname="demo99.testscripts.RegisterTest" name="secondTest" time="18.483"/>
  <system-out/>
  <testcase classname="demo99.testscripts.RegisterTest" name="getUrl" time="22.614"/>
  <system-out/>
  <testcase classname="demo99.testscripts.RegisterTest" name="getUrl" time="26.885"/>
  <system-out/>
</testsuite> <!-- demo99.testscripts.RegisterTest -->
